  main.cpp
F:\workspace_f\fft\main.cpp(40,8): warning C4244: '初期化中': 'double' から 'int' への変換です。データが失われる可能性があります。
F:\workspace_f\fft\main.cpp(43,30): warning C4018: '<': signed と unsigned の数値を比較しようとしました。
F:\workspace_f\fft\main.cpp(53,30): warning C4018: '<': signed と unsigned の数値を比較しようとしました。
F:\workspace_f\fft\main.cpp(93,8): warning C4244: '初期化中': 'double' から 'int' への変換です。データが失われる可能性があります。
F:\workspace_f\fft\main.cpp(96,30): warning C4018: '<': signed と unsigned の数値を比較しようとしました。
F:\workspace_f\fft\main.cpp(106,30): warning C4018: '<': signed と unsigned の数値を比較しようとしました。
F:\workspace_f\fft\main.cpp(147,8): warning C4244: '初期化中': 'double' から 'int' への変換です。データが失われる可能性があります。
F:\workspace_f\fft\main.cpp(149,30): warning C4018: '<': signed と unsigned の数値を比較しようとしました。
F:\workspace_f\fft\main.cpp(159,30): warning C4018: '<': signed と unsigned の数値を比較しようとしました。
F:\workspace_f\fft\main.cpp(201,8): warning C4244: '初期化中': 'double' から 'int' への変換です。データが失われる可能性があります。
F:\workspace_f\fft\main.cpp(203,30): warning C4018: '<': signed と unsigned の数値を比較しようとしました。
F:\workspace_f\fft\main.cpp(213,30): warning C4018: '<': signed と unsigned の数値を比較しようとしました。
F:\workspace_f\fft\main.cpp(311,28): warning C4244: '=': 'const _Ty' から 'unsigned char' への変換です。データが失われる可能性があります。
F:\workspace_f\fft\main.cpp(311,28): warning C4244:         with
F:\workspace_f\fft\main.cpp(311,28): warning C4244:         [
F:\workspace_f\fft\main.cpp(311,28): warning C4244:             _Ty=float
F:\workspace_f\fft\main.cpp(311,28): warning C4244:         ]
F:\workspace_f\fft\main.cpp(312,28): warning C4244: '=': 'const _Ty' から 'unsigned char' への変換です。データが失われる可能性があります。
F:\workspace_f\fft\main.cpp(312,28): warning C4244:         with
F:\workspace_f\fft\main.cpp(312,28): warning C4244:         [
F:\workspace_f\fft\main.cpp(312,28): warning C4244:             _Ty=float
F:\workspace_f\fft\main.cpp(312,28): warning C4244:         ]
F:\workspace_f\fft\main.cpp(313,28): warning C4244: '=': 'const _Ty' から 'unsigned char' への変換です。データが失われる可能性があります。
F:\workspace_f\fft\main.cpp(313,28): warning C4244:         with
F:\workspace_f\fft\main.cpp(313,28): warning C4244:         [
F:\workspace_f\fft\main.cpp(313,28): warning C4244:             _Ty=float
F:\workspace_f\fft\main.cpp(313,28): warning C4244:         ]
F:\workspace_f\fft\main.cpp(314,28): warning C4244: '=': 'const _Ty' から 'unsigned char' への変換です。データが失われる可能性があります。
F:\workspace_f\fft\main.cpp(314,28): warning C4244:         with
F:\workspace_f\fft\main.cpp(314,28): warning C4244:         [
F:\workspace_f\fft\main.cpp(314,28): warning C4244:             _Ty=float
F:\workspace_f\fft\main.cpp(314,28): warning C4244:         ]
F:\workspace_f\fft\main.cpp(322,28): warning C4244: '=': 'const _Ty' から 'unsigned char' への変換です。データが失われる可能性があります。
F:\workspace_f\fft\main.cpp(322,28): warning C4244:         with
F:\workspace_f\fft\main.cpp(322,28): warning C4244:         [
F:\workspace_f\fft\main.cpp(322,28): warning C4244:             _Ty=float
F:\workspace_f\fft\main.cpp(322,28): warning C4244:         ]
F:\workspace_f\fft\main.cpp(323,28): warning C4244: '=': 'const _Ty' から 'unsigned char' への変換です。データが失われる可能性があります。
F:\workspace_f\fft\main.cpp(323,28): warning C4244:         with
F:\workspace_f\fft\main.cpp(323,28): warning C4244:         [
F:\workspace_f\fft\main.cpp(323,28): warning C4244:             _Ty=float
F:\workspace_f\fft\main.cpp(323,28): warning C4244:         ]
F:\workspace_f\fft\main.cpp(324,28): warning C4244: '=': 'const _Ty' から 'unsigned char' への変換です。データが失われる可能性があります。
F:\workspace_f\fft\main.cpp(324,28): warning C4244:         with
F:\workspace_f\fft\main.cpp(324,28): warning C4244:         [
F:\workspace_f\fft\main.cpp(324,28): warning C4244:             _Ty=float
F:\workspace_f\fft\main.cpp(324,28): warning C4244:         ]
F:\workspace_f\fft\main.cpp(325,28): warning C4244: '=': 'const _Ty' から 'unsigned char' への変換です。データが失われる可能性があります。
F:\workspace_f\fft\main.cpp(325,28): warning C4244:         with
F:\workspace_f\fft\main.cpp(325,28): warning C4244:         [
F:\workspace_f\fft\main.cpp(325,28): warning C4244:             _Ty=float
F:\workspace_f\fft\main.cpp(325,28): warning C4244:         ]
F:\workspace_f\fft\main.cpp(336,28): warning C4244: '=': 'const _Ty' から 'unsigned char' への変換です。データが失われる可能性があります。
F:\workspace_f\fft\main.cpp(336,28): warning C4244:         with
F:\workspace_f\fft\main.cpp(336,28): warning C4244:         [
F:\workspace_f\fft\main.cpp(336,28): warning C4244:             _Ty=float
F:\workspace_f\fft\main.cpp(336,28): warning C4244:         ]
F:\workspace_f\fft\main.cpp(337,28): warning C4244: '=': 'const _Ty' から 'unsigned char' への変換です。データが失われる可能性があります。
F:\workspace_f\fft\main.cpp(337,28): warning C4244:         with
F:\workspace_f\fft\main.cpp(337,28): warning C4244:         [
F:\workspace_f\fft\main.cpp(337,28): warning C4244:             _Ty=float
F:\workspace_f\fft\main.cpp(337,28): warning C4244:         ]
F:\workspace_f\fft\main.cpp(338,28): warning C4244: '=': 'const _Ty' から 'unsigned char' への変換です。データが失われる可能性があります。
F:\workspace_f\fft\main.cpp(338,28): warning C4244:         with
F:\workspace_f\fft\main.cpp(338,28): warning C4244:         [
F:\workspace_f\fft\main.cpp(338,28): warning C4244:             _Ty=float
F:\workspace_f\fft\main.cpp(338,28): warning C4244:         ]
F:\workspace_f\fft\main.cpp(339,28): warning C4244: '=': 'const _Ty' から 'unsigned char' への変換です。データが失われる可能性があります。
F:\workspace_f\fft\main.cpp(339,28): warning C4244:         with
F:\workspace_f\fft\main.cpp(339,28): warning C4244:         [
F:\workspace_f\fft\main.cpp(339,28): warning C4244:             _Ty=float
F:\workspace_f\fft\main.cpp(339,28): warning C4244:         ]
F:\workspace_f\fft\main.cpp(348,28): warning C4244: '=': 'const _Ty' から 'unsigned char' への変換です。データが失われる可能性があります。
F:\workspace_f\fft\main.cpp(348,28): warning C4244:         with
F:\workspace_f\fft\main.cpp(348,28): warning C4244:         [
F:\workspace_f\fft\main.cpp(348,28): warning C4244:             _Ty=float
F:\workspace_f\fft\main.cpp(348,28): warning C4244:         ]
F:\workspace_f\fft\main.cpp(349,28): warning C4244: '=': 'const _Ty' から 'unsigned char' への変換です。データが失われる可能性があります。
F:\workspace_f\fft\main.cpp(349,28): warning C4244:         with
F:\workspace_f\fft\main.cpp(349,28): warning C4244:         [
F:\workspace_f\fft\main.cpp(349,28): warning C4244:             _Ty=float
F:\workspace_f\fft\main.cpp(349,28): warning C4244:         ]
F:\workspace_f\fft\main.cpp(350,28): warning C4244: '=': 'const _Ty' から 'unsigned char' への変換です。データが失われる可能性があります。
F:\workspace_f\fft\main.cpp(350,28): warning C4244:         with
F:\workspace_f\fft\main.cpp(350,28): warning C4244:         [
F:\workspace_f\fft\main.cpp(350,28): warning C4244:             _Ty=float
F:\workspace_f\fft\main.cpp(350,28): warning C4244:         ]
F:\workspace_f\fft\main.cpp(351,28): warning C4244: '=': 'const _Ty' から 'unsigned char' への変換です。データが失われる可能性があります。
F:\workspace_f\fft\main.cpp(351,28): warning C4244:         with
F:\workspace_f\fft\main.cpp(351,28): warning C4244:         [
F:\workspace_f\fft\main.cpp(351,28): warning C4244:             _Ty=float
F:\workspace_f\fft\main.cpp(351,28): warning C4244:         ]
F:\workspace_f\fft\main.cpp(381,28): warning C4244: '=': 'const _Ty' から 'unsigned char' への変換です。データが失われる可能性があります。
F:\workspace_f\fft\main.cpp(381,28): warning C4244:         with
F:\workspace_f\fft\main.cpp(381,28): warning C4244:         [
F:\workspace_f\fft\main.cpp(381,28): warning C4244:             _Ty=float
F:\workspace_f\fft\main.cpp(381,28): warning C4244:         ]
F:\workspace_f\fft\main.cpp(382,28): warning C4244: '=': 'const _Ty' から 'unsigned char' への変換です。データが失われる可能性があります。
F:\workspace_f\fft\main.cpp(382,28): warning C4244:         with
F:\workspace_f\fft\main.cpp(382,28): warning C4244:         [
F:\workspace_f\fft\main.cpp(382,28): warning C4244:             _Ty=float
F:\workspace_f\fft\main.cpp(382,28): warning C4244:         ]
F:\workspace_f\fft\main.cpp(383,28): warning C4244: '=': 'const _Ty' から 'unsigned char' への変換です。データが失われる可能性があります。
F:\workspace_f\fft\main.cpp(383,28): warning C4244:         with
F:\workspace_f\fft\main.cpp(383,28): warning C4244:         [
F:\workspace_f\fft\main.cpp(383,28): warning C4244:             _Ty=float
F:\workspace_f\fft\main.cpp(383,28): warning C4244:         ]
F:\workspace_f\fft\main.cpp(384,28): warning C4244: '=': 'const _Ty' から 'unsigned char' への変換です。データが失われる可能性があります。
F:\workspace_f\fft\main.cpp(384,28): warning C4244:         with
F:\workspace_f\fft\main.cpp(384,28): warning C4244:         [
F:\workspace_f\fft\main.cpp(384,28): warning C4244:             _Ty=float
F:\workspace_f\fft\main.cpp(384,28): warning C4244:         ]
F:\workspace_f\fft\main.cpp(392,28): warning C4244: '=': 'const _Ty' から 'unsigned char' への変換です。データが失われる可能性があります。
F:\workspace_f\fft\main.cpp(392,28): warning C4244:         with
F:\workspace_f\fft\main.cpp(392,28): warning C4244:         [
F:\workspace_f\fft\main.cpp(392,28): warning C4244:             _Ty=float
F:\workspace_f\fft\main.cpp(392,28): warning C4244:         ]
F:\workspace_f\fft\main.cpp(393,28): warning C4244: '=': 'const _Ty' から 'unsigned char' への変換です。データが失われる可能性があります。
F:\workspace_f\fft\main.cpp(393,28): warning C4244:         with
F:\workspace_f\fft\main.cpp(393,28): warning C4244:         [
F:\workspace_f\fft\main.cpp(393,28): warning C4244:             _Ty=float
F:\workspace_f\fft\main.cpp(393,28): warning C4244:         ]
F:\workspace_f\fft\main.cpp(394,28): warning C4244: '=': 'const _Ty' から 'unsigned char' への変換です。データが失われる可能性があります。
F:\workspace_f\fft\main.cpp(394,28): warning C4244:         with
F:\workspace_f\fft\main.cpp(394,28): warning C4244:         [
F:\workspace_f\fft\main.cpp(394,28): warning C4244:             _Ty=float
F:\workspace_f\fft\main.cpp(394,28): warning C4244:         ]
F:\workspace_f\fft\main.cpp(395,28): warning C4244: '=': 'const _Ty' から 'unsigned char' への変換です。データが失われる可能性があります。
F:\workspace_f\fft\main.cpp(395,28): warning C4244:         with
F:\workspace_f\fft\main.cpp(395,28): warning C4244:         [
F:\workspace_f\fft\main.cpp(395,28): warning C4244:             _Ty=float
F:\workspace_f\fft\main.cpp(395,28): warning C4244:         ]
F:\workspace_f\fft\main.cpp(403,28): warning C4244: '=': 'const _Ty' から 'unsigned char' への変換です。データが失われる可能性があります。
F:\workspace_f\fft\main.cpp(403,28): warning C4244:         with
F:\workspace_f\fft\main.cpp(403,28): warning C4244:         [
F:\workspace_f\fft\main.cpp(403,28): warning C4244:             _Ty=float
F:\workspace_f\fft\main.cpp(403,28): warning C4244:         ]
F:\workspace_f\fft\main.cpp(404,28): warning C4244: '=': 'const _Ty' から 'unsigned char' への変換です。データが失われる可能性があります。
F:\workspace_f\fft\main.cpp(404,28): warning C4244:         with
F:\workspace_f\fft\main.cpp(404,28): warning C4244:         [
F:\workspace_f\fft\main.cpp(404,28): warning C4244:             _Ty=float
F:\workspace_f\fft\main.cpp(404,28): warning C4244:         ]
F:\workspace_f\fft\main.cpp(405,28): warning C4244: '=': 'const _Ty' から 'unsigned char' への変換です。データが失われる可能性があります。
F:\workspace_f\fft\main.cpp(405,28): warning C4244:         with
F:\workspace_f\fft\main.cpp(405,28): warning C4244:         [
F:\workspace_f\fft\main.cpp(405,28): warning C4244:             _Ty=float
F:\workspace_f\fft\main.cpp(405,28): warning C4244:         ]
F:\workspace_f\fft\main.cpp(406,28): warning C4244: '=': 'const _Ty' から 'unsigned char' への変換です。データが失われる可能性があります。
F:\workspace_f\fft\main.cpp(406,28): warning C4244:         with
F:\workspace_f\fft\main.cpp(406,28): warning C4244:         [
F:\workspace_f\fft\main.cpp(406,28): warning C4244:             _Ty=float
F:\workspace_f\fft\main.cpp(406,28): warning C4244:         ]
F:\workspace_f\fft\main.cpp(263,21): warning C4101: 'rnd': ローカル変数は 1 度も使われていません。
  fft.vcxproj -> F:\workspace_f\fft\x64\Debug\fft.exe
